<?xml version="1.0" encoding="UTF-8"?>
<testng-results skipped="0" failed="0" ignored="0" total="1" passed="1">
  <reporter-output>
  </reporter-output>
  <suite name="Suite" duration-ms="17107" started-at="2019-08-28T04:16:45Z" finished-at="2019-08-28T04:17:02Z">
    <groups>
    </groups>
    <test name="Test" duration-ms="17107" started-at="2019-08-28T04:16:45Z" finished-at="2019-08-28T04:17:02Z">
      <class name="Demo1">
        <test-method status="PASS" signature="testOne()[pri:0, instance:Demo1@3d8c7aca]" name="testOne" duration-ms="17011" started-at="2019-08-28T04:16:45Z" finished-at="2019-08-28T04:17:02Z">
          <reporter-output>
          </reporter-output>
        </test-method> <!-- testOne -->
      </class> <!-- Demo1 -->
    </test> <!-- Test -->
  </suite> <!-- Suite -->
</testng-results>
