<?xml version="1.0" encoding="UTF-8"?>
<testng-results skipped="0" failed="0" total="1" passed="1">
  <reporter-output>
  </reporter-output>
  <suite name="Suite" duration-ms="15044" started-at="2019-08-28T04:07:13Z" finished-at="2019-08-28T04:07:28Z">
    <groups>
    </groups>
    <test name="Test" duration-ms="15044" started-at="2019-08-28T04:07:13Z" finished-at="2019-08-28T04:07:28Z">
      <class name="Demo1">
        <test-method status="PASS" signature="testOne()[pri:0, instance:Demo1@d2cc05a]" name="testOne" duration-ms="14958" started-at="2019-08-28T09:37:13Z" finished-at="2019-08-28T09:37:28Z">
          <reporter-output>
          </reporter-output>
        </test-method> <!-- testOne -->
      </class> <!-- Demo1 -->
    </test> <!-- Test -->
  </suite> <!-- Suite -->
</testng-results>
